2025-12-25 21:41:48.935 [info] Reading sessions from keychain...
2025-12-25 21:41:48.935 [info] Getting sessions for all scopes...
2025-12-25 21:41:48.935 [info] Got stored sessions!
2025-12-25 21:41:48.935 [info] Got 1 verified sessions.
2025-12-25 21:41:48.935 [info] Got 1 sessions for ...
2025-12-25 21:41:48.935 [info] Getting sessions for all scopes...
2025-12-25 21:41:48.935 [info] Got 1 sessions for ...
2025-12-25 21:41:48.935 [info] Getting sessions for all scopes...
2025-12-25 21:41:48.935 [info] Got 1 sessions for ...
2025-12-25 21:41:48.935 [info] Getting sessions for all scopes...
2025-12-25 21:41:48.935 [info] Got 1 sessions for ...
2025-12-25 21:41:48.935 [info] Getting sessions for all scopes...
2025-12-25 21:41:48.935 [info] Got 1 sessions for ...
2025-12-25 21:41:48.935 [info] Getting sessions for all scopes...
2025-12-25 21:41:48.935 [info] Got 1 sessions for ...
2025-12-25 21:41:48.935 [info] Getting sessions for all scopes...
2025-12-25 21:41:48.935 [info] Got 1 sessions for ...
2025-12-25 21:41:48.935 [info] Getting sessions for all scopes...
2025-12-25 21:41:48.935 [info] Got 1 sessions for ...
2025-12-25 21:41:48.935 [info] Getting sessions for all scopes...
2025-12-25 21:41:48.935 [info] Got 1 sessions for ...
2025-12-25 21:41:48.935 [info] Getting sessions for all scopes...
2025-12-25 21:41:48.935 [info] Got 1 sessions for ...
2025-12-25 21:41:48.935 [info] Getting sessions for all scopes...
2025-12-25 21:41:48.935 [info] Got 1 sessions for ...
2025-12-25 21:41:48.935 [info] Getting sessions for all scopes...
2025-12-25 21:41:48.935 [info] Got 1 sessions for ...
2025-12-25 21:41:48.935 [info] Getting sessions for all scopes...
2025-12-25 21:41:48.935 [info] Got 1 sessions for ...
2025-12-25 21:41:48.935 [info] Getting sessions for all scopes...
2025-12-25 21:41:48.935 [info] Got 1 sessions for ...
2025-12-25 21:41:48.935 [info] Getting sessions for all scopes...
2025-12-25 21:41:48.935 [info] Got 1 sessions for ...
2025-12-25 21:41:48.935 [info] Getting sessions for all scopes...
2025-12-25 21:41:48.935 [info] Got 1 sessions for ...
2025-12-25 21:41:48.935 [info] Getting sessions for all scopes...
2025-12-25 21:41:48.935 [info] Got 1 sessions for ...
2025-12-25 21:41:48.935 [info] Getting sessions for all scopes...
2025-12-25 21:41:48.935 [info] Got 1 sessions for ...
2025-12-25 21:41:48.935 [info] Getting sessions for all scopes...
2025-12-25 21:41:48.935 [info] Got 1 sessions for ...
2025-12-25 21:41:48.935 [info] Getting sessions for read:user,repo,user:email,workflow...
2025-12-25 21:41:48.935 [info] Got 1 sessions for read:user,repo,user:email,workflow...
2025-12-25 21:41:50.714 [info] FetcherService: Electron fetch failed with status: 429 
2025-12-25 21:41:51.242 [info] Getting sessions for all scopes...
2025-12-25 21:41:51.242 [info] Got 1 sessions for ...
2025-12-25 21:41:51.244 [info] Getting sessions for all scopes...
2025-12-25 21:41:51.244 [info] Got 1 sessions for ...
2025-12-25 21:41:51.252 [info] Getting sessions for all scopes...
2025-12-25 21:41:51.252 [info] Got 1 sessions for ...
2025-12-25 21:41:51.758 [info] Getting sessions for read:user,repo,user:email...
2025-12-25 21:41:51.758 [info] Got 0 sessions for read:user,repo,user:email...
2025-12-25 21:41:52.286 [info] Getting sessions for read:user,repo,user:email,workflow...
2025-12-25 21:41:52.286 [info] Got 1 sessions for read:user,repo,user:email,workflow...
2025-12-25 21:41:52.938 [info] FetcherService: Node fetch failed with status: 429 Too Many Requests
2025-12-25 21:41:53.563 [info] Getting sessions for all scopes...
2025-12-25 21:41:53.563 [info] Got 1 sessions for ...
2025-12-25 21:41:53.564 [info] Getting sessions for all scopes...
2025-12-25 21:41:53.564 [info] Got 1 sessions for ...
2025-12-25 21:41:53.629 [info] Getting sessions for read:user,repo,user:email,workflow...
2025-12-25 21:41:53.629 [info] Got 1 sessions for read:user,repo,user:email,workflow...
2025-12-25 21:41:53.847 [info] Getting sessions for all scopes...
2025-12-25 21:41:53.847 [info] Got 1 sessions for ...
2025-12-25 21:41:53.849 [info] FetcherService: Node http/s failed with status: 429 Too Many Requests
2025-12-25 21:41:53.879 [info] Getting sessions for all scopes...
2025-12-25 21:41:53.879 [info] Got 1 sessions for ...
2025-12-25 21:41:53.879 [info] Getting sessions for all scopes...
2025-12-25 21:41:53.879 [info] Got 1 sessions for ...
2025-12-25 21:41:53.881 [info] Getting sessions for all scopes...
2025-12-25 21:41:53.881 [info] Got 1 sessions for ...
2025-12-25 21:41:53.983 [info] Getting sessions for read:user,repo,user:email,workflow...
2025-12-25 21:41:53.983 [info] Got 1 sessions for read:user,repo,user:email,workflow...
2025-12-25 21:42:50.851 [info] Getting sessions for all scopes...
2025-12-25 21:42:50.851 [info] Got 1 sessions for ...
2025-12-25 21:42:50.857 [info] Getting sessions for all scopes...
2025-12-25 21:42:50.858 [info] Got 1 sessions for ...
