2026-01-01 18:44:13.970 [info] Reading sessions from keychain...
2026-01-01 18:44:13.970 [info] Getting sessions for all scopes...
2026-01-01 18:44:13.970 [info] Got stored sessions!
2026-01-01 18:44:13.970 [info] Got 1 verified sessions.
2026-01-01 18:44:13.970 [info] Got 1 sessions for ...
2026-01-01 18:44:13.970 [info] Getting sessions for all scopes...
2026-01-01 18:44:13.970 [info] Got 1 sessions for ...
2026-01-01 18:44:13.970 [info] Getting sessions for all scopes...
2026-01-01 18:44:13.970 [info] Got 1 sessions for ...
2026-01-01 18:44:13.970 [info] Getting sessions for all scopes...
2026-01-01 18:44:13.970 [info] Got 1 sessions for ...
2026-01-01 18:44:13.970 [info] Getting sessions for all scopes...
2026-01-01 18:44:13.970 [info] Got 1 sessions for ...
2026-01-01 18:44:13.970 [info] Getting sessions for all scopes...
2026-01-01 18:44:13.970 [info] Got 1 sessions for ...
2026-01-01 18:44:13.970 [info] Getting sessions for all scopes...
2026-01-01 18:44:13.970 [info] Got 1 sessions for ...
2026-01-01 18:44:13.970 [info] Getting sessions for all scopes...
2026-01-01 18:44:13.971 [info] Got 1 sessions for ...
2026-01-01 18:44:13.971 [info] Getting sessions for all scopes...
2026-01-01 18:44:13.971 [info] Got 1 sessions for ...
2026-01-01 18:44:13.971 [info] Getting sessions for all scopes...
2026-01-01 18:44:13.971 [info] Got 1 sessions for ...
2026-01-01 18:44:13.971 [info] Getting sessions for all scopes...
2026-01-01 18:44:13.971 [info] Got 1 sessions for ...
2026-01-01 18:44:13.971 [info] Getting sessions for all scopes...
2026-01-01 18:44:13.971 [info] Got 1 sessions for ...
2026-01-01 18:44:13.971 [info] Getting sessions for all scopes...
2026-01-01 18:44:13.971 [info] Got 1 sessions for ...
2026-01-01 18:44:13.971 [info] Getting sessions for all scopes...
2026-01-01 18:44:13.971 [info] Got 1 sessions for ...
2026-01-01 18:44:13.971 [info] Getting sessions for all scopes...
2026-01-01 18:44:13.971 [info] Got 1 sessions for ...
2026-01-01 18:44:13.971 [info] Getting sessions for all scopes...
2026-01-01 18:44:13.971 [info] Got 1 sessions for ...
2026-01-01 18:44:13.971 [info] Getting sessions for all scopes...
2026-01-01 18:44:13.971 [info] Got 1 sessions for ...
2026-01-01 18:44:13.971 [info] Getting sessions for read:user,repo,user:email,workflow...
2026-01-01 18:44:13.971 [info] Got 1 sessions for read:user,repo,user:email,workflow...
2026-01-01 18:44:15.439 [info] FetcherService: Electron fetch failed with status: 429 
2026-01-01 18:44:16.211 [info] Getting sessions for all scopes...
2026-01-01 18:44:16.212 [info] Got 1 sessions for ...
2026-01-01 18:44:16.212 [info] Getting sessions for all scopes...
2026-01-01 18:44:16.212 [info] Got 1 sessions for ...
2026-01-01 18:44:16.212 [info] Getting sessions for all scopes...
2026-01-01 18:44:16.212 [info] Got 1 sessions for ...
2026-01-01 18:44:16.287 [info] Getting sessions for read:user,repo,user:email...
2026-01-01 18:44:16.287 [info] Got 0 sessions for read:user,repo,user:email...
2026-01-01 18:44:16.754 [info] Getting sessions for read:user,repo,user:email,workflow...
2026-01-01 18:44:16.754 [info] Got 1 sessions for read:user,repo,user:email,workflow...
2026-01-01 18:44:16.762 [info] Getting sessions for all scopes...
2026-01-01 18:44:16.762 [info] Got 1 sessions for ...
2026-01-01 18:44:17.705 [info] Getting sessions for all scopes...
2026-01-01 18:44:17.705 [info] Got 1 sessions for ...
2026-01-01 18:44:17.706 [info] Getting sessions for all scopes...
2026-01-01 18:44:17.706 [info] Got 1 sessions for ...
2026-01-01 18:44:17.776 [info] Getting sessions for read:user,repo,user:email,workflow...
2026-01-01 18:44:17.776 [info] Got 1 sessions for read:user,repo,user:email,workflow...
2026-01-01 18:44:18.013 [info] FetcherService: Node fetch failed with status: 429 Too Many Requests
2026-01-01 18:44:18.057 [info] Getting sessions for all scopes...
2026-01-01 18:44:18.057 [info] Got 1 sessions for ...
2026-01-01 18:44:18.074 [info] Getting sessions for all scopes...
2026-01-01 18:44:18.074 [info] Got 1 sessions for ...
2026-01-01 18:44:18.075 [info] Getting sessions for all scopes...
2026-01-01 18:44:18.076 [info] Got 1 sessions for ...
2026-01-01 18:44:18.092 [info] Getting sessions for all scopes...
2026-01-01 18:44:18.092 [info] Got 1 sessions for ...
2026-01-01 18:44:18.142 [info] Getting sessions for read:user,repo,user:email,workflow...
2026-01-01 18:44:18.143 [info] Got 1 sessions for read:user,repo,user:email,workflow...
2026-01-01 18:44:18.917 [info] FetcherService: Node http/s failed with status: 429 Too Many Requests
2026-01-01 18:44:27.418 [info] Getting sessions for all scopes...
2026-01-01 18:44:27.419 [info] Got 1 sessions for ...
2026-01-01 18:44:27.429 [info] Getting sessions for all scopes...
2026-01-01 18:44:27.429 [info] Got 1 sessions for ...
