2026-01-01 08:34:27.825 [info] [main] Log level: Info
2026-01-01 08:34:27.825 [info] [main] Validating found git in: "git"
2026-01-01 08:34:27.825 [info] [main] Using git "2.52.0" from "git"
2026-01-01 08:34:27.825 [info] [Model][doInitialScan] Initial repository scan started
2026-01-01 08:34:27.825 [info] > git rev-parse --show-toplevel [84ms]
2026-01-01 08:34:27.825 [info] fatal: not a git repository (or any parent up to mount point /)
Stopping at filesystem boundary (GIT_DISCOVERY_ACROSS_FILESYSTEM not set).
2026-01-01 08:34:27.825 [info] > git rev-parse --show-toplevel [16ms]
2026-01-01 08:34:27.825 [info] fatal: not a git repository (or any parent up to mount point /)
Stopping at filesystem boundary (GIT_DISCOVERY_ACROSS_FILESYSTEM not set).
2026-01-01 08:34:29.408 [info] > git rev-parse --show-toplevel [563ms]
2026-01-01 08:34:29.408 [info] fatal: not a git repository (or any parent up to mount point /)
Stopping at filesystem boundary (GIT_DISCOVERY_ACROSS_FILESYSTEM not set).
2026-01-01 08:34:29.630 [info] > git rev-parse --show-toplevel [55ms]
2026-01-01 08:34:29.630 [info] fatal: not a git repository (or any parent up to mount point /)
Stopping at filesystem boundary (GIT_DISCOVERY_ACROSS_FILESYSTEM not set).
2026-01-01 08:34:29.726 [info] > git rev-parse --show-toplevel [21ms]
2026-01-01 08:34:29.726 [info] fatal: not a git repository (or any parent up to mount point /)
Stopping at filesystem boundary (GIT_DISCOVERY_ACROSS_FILESYSTEM not set).
2026-01-01 08:34:29.741 [info] > git rev-parse --show-toplevel [3ms]
2026-01-01 08:34:29.741 [info] fatal: not a git repository (or any parent up to mount point /)
Stopping at filesystem boundary (GIT_DISCOVERY_ACROSS_FILESYSTEM not set).
2026-01-01 08:34:29.758 [info] > git rev-parse --show-toplevel [3ms]
2026-01-01 08:34:29.758 [info] fatal: not a git repository (or any parent up to mount point /)
Stopping at filesystem boundary (GIT_DISCOVERY_ACROSS_FILESYSTEM not set).
2026-01-01 08:34:29.776 [info] > git rev-parse --show-toplevel [3ms]
2026-01-01 08:34:29.776 [info] fatal: not a git repository (or any parent up to mount point /)
Stopping at filesystem boundary (GIT_DISCOVERY_ACROSS_FILESYSTEM not set).
2026-01-01 08:34:29.793 [info] > git rev-parse --show-toplevel [10ms]
2026-01-01 08:34:29.808 [info] fatal: not a git repository (or any parent up to mount point /)
Stopping at filesystem boundary (GIT_DISCOVERY_ACROSS_FILESYSTEM not set).
2026-01-01 08:34:30.093 [info] > git rev-parse --show-toplevel [276ms]
2026-01-01 08:34:30.093 [info] fatal: not a git repository (or any parent up to mount point /)
Stopping at filesystem boundary (GIT_DISCOVERY_ACROSS_FILESYSTEM not set).
2026-01-01 08:34:30.574 [info] > git rev-parse --show-toplevel [473ms]
2026-01-01 08:34:30.574 [info] fatal: not a git repository (or any parent up to mount point /)
Stopping at filesystem boundary (GIT_DISCOVERY_ACROSS_FILESYSTEM not set).
2026-01-01 08:34:30.615 [info] > git rev-parse --show-toplevel [4ms]
2026-01-01 08:34:30.615 [info] fatal: not a git repository (or any parent up to mount point /)
Stopping at filesystem boundary (GIT_DISCOVERY_ACROSS_FILESYSTEM not set).
2026-01-01 08:34:30.648 [info] > git rev-parse --show-toplevel [2ms]
2026-01-01 08:34:30.648 [info] fatal: not a git repository (or any parent up to mount point /)
Stopping at filesystem boundary (GIT_DISCOVERY_ACROSS_FILESYSTEM not set).
2026-01-01 08:34:30.660 [info] > git rev-parse --show-toplevel [2ms]
2026-01-01 08:34:30.660 [info] fatal: not a git repository (or any parent up to mount point /)
Stopping at filesystem boundary (GIT_DISCOVERY_ACROSS_FILESYSTEM not set).
2026-01-01 08:34:30.682 [info] > git rev-parse --show-toplevel [5ms]
2026-01-01 08:34:30.682 [info] fatal: not a git repository (or any parent up to mount point /)
Stopping at filesystem boundary (GIT_DISCOVERY_ACROSS_FILESYSTEM not set).
2026-01-01 08:34:30.698 [info] > git rev-parse --show-toplevel [8ms]
2026-01-01 08:34:30.698 [info] fatal: not a git repository (or any parent up to mount point /)
Stopping at filesystem boundary (GIT_DISCOVERY_ACROSS_FILESYSTEM not set).
2026-01-01 08:34:30.708 [info] > git rev-parse --show-toplevel [1ms]
2026-01-01 08:34:30.708 [info] fatal: not a git repository (or any parent up to mount point /)
Stopping at filesystem boundary (GIT_DISCOVERY_ACROSS_FILESYSTEM not set).
2026-01-01 08:34:30.716 [info] > git rev-parse --show-toplevel [2ms]
2026-01-01 08:34:30.716 [info] fatal: not a git repository (or any parent up to mount point /)
Stopping at filesystem boundary (GIT_DISCOVERY_ACROSS_FILESYSTEM not set).
2026-01-01 08:34:30.723 [info] > git rev-parse --show-toplevel [1ms]
2026-01-01 08:34:30.723 [info] fatal: not a git repository (or any parent up to mount point /)
Stopping at filesystem boundary (GIT_DISCOVERY_ACROSS_FILESYSTEM not set).
2026-01-01 08:34:30.734 [info] > git rev-parse --show-toplevel [4ms]
2026-01-01 08:34:30.734 [info] fatal: not a git repository (or any parent up to mount point /)
Stopping at filesystem boundary (GIT_DISCOVERY_ACROSS_FILESYSTEM not set).
2026-01-01 08:34:30.777 [info] > git rev-parse --show-toplevel [12ms]
2026-01-01 08:34:30.777 [info] fatal: not a git repository (or any parent up to mount point /)
Stopping at filesystem boundary (GIT_DISCOVERY_ACROSS_FILESYSTEM not set).
2026-01-01 08:34:30.838 [info] > git rev-parse --show-toplevel [5ms]
2026-01-01 08:34:30.839 [info] fatal: not a git repository (or any parent up to mount point /)
Stopping at filesystem boundary (GIT_DISCOVERY_ACROSS_FILESYSTEM not set).
2026-01-01 08:34:30.864 [info] > git rev-parse --show-toplevel [19ms]
2026-01-01 08:34:30.864 [info] fatal: not a git repository (or any parent up to mount point /)
Stopping at filesystem boundary (GIT_DISCOVERY_ACROSS_FILESYSTEM not set).
2026-01-01 08:34:31.063 [info] > git rev-parse --show-toplevel [29ms]
2026-01-01 08:34:31.063 [info] fatal: not a git repository (or any parent up to mount point /)
Stopping at filesystem boundary (GIT_DISCOVERY_ACROSS_FILESYSTEM not set).
2026-01-01 08:34:31.112 [info] > git rev-parse --show-toplevel [24ms]
2026-01-01 08:34:31.112 [info] fatal: not a git repository (or any parent up to mount point /)
Stopping at filesystem boundary (GIT_DISCOVERY_ACROSS_FILESYSTEM not set).
2026-01-01 08:34:31.134 [info] > git rev-parse --show-toplevel [2ms]
2026-01-01 08:34:31.134 [info] fatal: not a git repository (or any parent up to mount point /)
Stopping at filesystem boundary (GIT_DISCOVERY_ACROSS_FILESYSTEM not set).
2026-01-01 08:34:31.276 [info] > git rev-parse --show-toplevel [135ms]
2026-01-01 08:34:31.276 [info] fatal: not a git repository (or any parent up to mount point /)
Stopping at filesystem boundary (GIT_DISCOVERY_ACROSS_FILESYSTEM not set).
2026-01-01 08:34:31.301 [info] > git rev-parse --show-toplevel [13ms]
2026-01-01 08:34:31.301 [info] fatal: not a git repository (or any parent up to mount point /)
Stopping at filesystem boundary (GIT_DISCOVERY_ACROSS_FILESYSTEM not set).
2026-01-01 08:34:31.314 [info] > git rev-parse --show-toplevel [2ms]
2026-01-01 08:34:31.314 [info] fatal: not a git repository (or any parent up to mount point /)
Stopping at filesystem boundary (GIT_DISCOVERY_ACROSS_FILESYSTEM not set).
2026-01-01 08:34:31.324 [info] > git rev-parse --show-toplevel [1ms]
2026-01-01 08:34:31.324 [info] fatal: not a git repository (or any parent up to mount point /)
Stopping at filesystem boundary (GIT_DISCOVERY_ACROSS_FILESYSTEM not set).
2026-01-01 08:34:31.332 [info] > git rev-parse --show-toplevel [1ms]
2026-01-01 08:34:31.332 [info] fatal: not a git repository (or any parent up to mount point /)
Stopping at filesystem boundary (GIT_DISCOVERY_ACROSS_FILESYSTEM not set).
2026-01-01 08:34:31.340 [info] > git rev-parse --show-toplevel [1ms]
2026-01-01 08:34:31.340 [info] fatal: not a git repository (or any parent up to mount point /)
Stopping at filesystem boundary (GIT_DISCOVERY_ACROSS_FILESYSTEM not set).
2026-01-01 08:34:31.351 [info] > git rev-parse --show-toplevel [3ms]
2026-01-01 08:34:31.351 [info] fatal: not a git repository (or any parent up to mount point /)
Stopping at filesystem boundary (GIT_DISCOVERY_ACROSS_FILESYSTEM not set).
2026-01-01 08:34:31.361 [info] > git rev-parse --show-toplevel [1ms]
2026-01-01 08:34:31.361 [info] fatal: not a git repository (or any parent up to mount point /)
Stopping at filesystem boundary (GIT_DISCOVERY_ACROSS_FILESYSTEM not set).
2026-01-01 08:34:31.368 [info] > git rev-parse --show-toplevel [1ms]
2026-01-01 08:34:31.368 [info] fatal: not a git repository (or any parent up to mount point /)
Stopping at filesystem boundary (GIT_DISCOVERY_ACROSS_FILESYSTEM not set).
2026-01-01 08:34:31.376 [info] > git rev-parse --show-toplevel [1ms]
2026-01-01 08:34:31.376 [info] fatal: not a git repository (or any parent up to mount point /)
Stopping at filesystem boundary (GIT_DISCOVERY_ACROSS_FILESYSTEM not set).
2026-01-01 08:34:31.384 [info] > git rev-parse --show-toplevel [1ms]
2026-01-01 08:34:31.384 [info] fatal: not a git repository (or any parent up to mount point /)
Stopping at filesystem boundary (GIT_DISCOVERY_ACROSS_FILESYSTEM not set).
2026-01-01 08:34:31.392 [info] > git rev-parse --show-toplevel [2ms]
2026-01-01 08:34:31.392 [info] fatal: not a git repository (or any parent up to mount point /)
Stopping at filesystem boundary (GIT_DISCOVERY_ACROSS_FILESYSTEM not set).
2026-01-01 08:34:31.399 [info] > git rev-parse --show-toplevel [1ms]
2026-01-01 08:34:31.399 [info] fatal: not a git repository (or any parent up to mount point /)
Stopping at filesystem boundary (GIT_DISCOVERY_ACROSS_FILESYSTEM not set).
2026-01-01 08:34:31.407 [info] > git rev-parse --show-toplevel [2ms]
2026-01-01 08:34:31.407 [info] fatal: not a git repository (or any parent up to mount point /)
Stopping at filesystem boundary (GIT_DISCOVERY_ACROSS_FILESYSTEM not set).
2026-01-01 08:34:31.415 [info] > git rev-parse --show-toplevel [1ms]
2026-01-01 08:34:31.415 [info] fatal: not a git repository (or any parent up to mount point /)
Stopping at filesystem boundary (GIT_DISCOVERY_ACROSS_FILESYSTEM not set).
2026-01-01 08:34:31.422 [info] > git rev-parse --show-toplevel [1ms]
2026-01-01 08:34:31.422 [info] fatal: not a git repository (or any parent up to mount point /)
Stopping at filesystem boundary (GIT_DISCOVERY_ACROSS_FILESYSTEM not set).
2026-01-01 08:34:31.430 [info] > git rev-parse --show-toplevel [2ms]
2026-01-01 08:34:31.430 [info] fatal: not a git repository (or any parent up to mount point /)
Stopping at filesystem boundary (GIT_DISCOVERY_ACROSS_FILESYSTEM not set).
2026-01-01 08:34:31.438 [info] > git rev-parse --show-toplevel [1ms]
2026-01-01 08:34:31.438 [info] fatal: not a git repository (or any parent up to mount point /)
Stopping at filesystem boundary (GIT_DISCOVERY_ACROSS_FILESYSTEM not set).
2026-01-01 08:34:31.446 [info] > git rev-parse --show-toplevel [2ms]
2026-01-01 08:34:31.446 [info] fatal: not a git repository (or any parent up to mount point /)
Stopping at filesystem boundary (GIT_DISCOVERY_ACROSS_FILESYSTEM not set).
2026-01-01 08:34:31.455 [info] > git rev-parse --show-toplevel [1ms]
2026-01-01 08:34:31.455 [info] fatal: not a git repository (or any parent up to mount point /)
Stopping at filesystem boundary (GIT_DISCOVERY_ACROSS_FILESYSTEM not set).
2026-01-01 08:34:31.462 [info] > git rev-parse --show-toplevel [1ms]
2026-01-01 08:34:31.462 [info] fatal: not a git repository (or any parent up to mount point /)
Stopping at filesystem boundary (GIT_DISCOVERY_ACROSS_FILESYSTEM not set).
2026-01-01 08:34:31.466 [info] [Model][doInitialScan] Initial repository scan completed - repositories (0), closed repositories (0), parent repositories (0), unsafe repositories (0)
2026-01-01 08:35:18.198 [info] > git rev-parse --show-toplevel [8ms]
2026-01-01 08:35:18.198 [info] fatal: not a git repository (or any parent up to mount point /)
Stopping at filesystem boundary (GIT_DISCOVERY_ACROSS_FILESYSTEM not set).
2026-01-01 08:35:20.518 [info] > git rev-parse --show-toplevel [5ms]
2026-01-01 08:35:20.518 [info] fatal: not a git repository (or any parent up to mount point /)
Stopping at filesystem boundary (GIT_DISCOVERY_ACROSS_FILESYSTEM not set).
2026-01-01 08:35:38.099 [info] > git rev-parse --show-toplevel [7ms]
2026-01-01 08:35:38.099 [info] fatal: not a git repository (or any parent up to mount point /)
Stopping at filesystem boundary (GIT_DISCOVERY_ACROSS_FILESYSTEM not set).
2026-01-01 08:38:51.028 [info] > git rev-parse --show-toplevel [6ms]
2026-01-01 08:38:51.028 [info] fatal: not a git repository (or any parent up to mount point /)
Stopping at filesystem boundary (GIT_DISCOVERY_ACROSS_FILESYSTEM not set).
2026-01-01 08:40:38.352 [info] > git rev-parse --show-toplevel [7ms]
2026-01-01 08:40:38.352 [info] fatal: not a git repository (or any parent up to mount point /)
Stopping at filesystem boundary (GIT_DISCOVERY_ACROSS_FILESYSTEM not set).
2026-01-01 08:40:39.246 [info] > git rev-parse --show-toplevel [6ms]
2026-01-01 08:40:39.246 [info] fatal: not a git repository (or any parent up to mount point /)
Stopping at filesystem boundary (GIT_DISCOVERY_ACROSS_FILESYSTEM not set).
2026-01-01 08:40:50.642 [info] > git rev-parse --show-toplevel [6ms]
2026-01-01 08:40:50.642 [info] fatal: not a git repository (or any parent up to mount point /)
Stopping at filesystem boundary (GIT_DISCOVERY_ACROSS_FILESYSTEM not set).
2026-01-01 08:40:55.926 [info] > git rev-parse --show-toplevel [6ms]
2026-01-01 08:40:55.926 [info] fatal: not a git repository (or any parent up to mount point /)
Stopping at filesystem boundary (GIT_DISCOVERY_ACROSS_FILESYSTEM not set).
2026-01-01 08:47:32.927 [info] > git rev-parse --show-toplevel [3ms]
2026-01-01 08:47:32.927 [info] fatal: not a git repository (or any parent up to mount point /)
Stopping at filesystem boundary (GIT_DISCOVERY_ACROSS_FILESYSTEM not set).
2026-01-01 08:47:36.869 [info] > git rev-parse --show-toplevel [11ms]
2026-01-01 08:47:36.869 [info] fatal: not a git repository (or any parent up to mount point /)
Stopping at filesystem boundary (GIT_DISCOVERY_ACROSS_FILESYSTEM not set).
2026-01-01 08:48:01.761 [info] > git rev-parse --show-toplevel [10ms]
2026-01-01 08:48:01.761 [info] fatal: not a git repository (or any parent up to mount point /)
Stopping at filesystem boundary (GIT_DISCOVERY_ACROSS_FILESYSTEM not set).
2026-01-01 08:48:33.741 [info] > git rev-parse --show-toplevel [5ms]
2026-01-01 08:48:33.742 [info] fatal: not a git repository (or any parent up to mount point /)
Stopping at filesystem boundary (GIT_DISCOVERY_ACROSS_FILESYSTEM not set).
2026-01-01 08:48:37.678 [info] > git rev-parse --show-toplevel [5ms]
2026-01-01 08:48:37.678 [info] fatal: not a git repository (or any parent up to mount point /)
Stopping at filesystem boundary (GIT_DISCOVERY_ACROSS_FILESYSTEM not set).
2026-01-01 08:49:11.063 [info] > git rev-parse --show-toplevel [7ms]
2026-01-01 08:49:11.063 [info] fatal: not a git repository (or any parent up to mount point /)
Stopping at filesystem boundary (GIT_DISCOVERY_ACROSS_FILESYSTEM not set).
2026-01-01 08:50:17.102 [info] > git rev-parse --show-toplevel [5ms]
2026-01-01 08:50:17.102 [info] fatal: not a git repository (or any parent up to mount point /)
Stopping at filesystem boundary (GIT_DISCOVERY_ACROSS_FILESYSTEM not set).
2026-01-01 08:50:35.623 [info] > git rev-parse --show-toplevel [6ms]
2026-01-01 08:50:35.623 [info] fatal: not a git repository (or any parent up to mount point /)
Stopping at filesystem boundary (GIT_DISCOVERY_ACROSS_FILESYSTEM not set).
2026-01-01 08:51:08.750 [info] > git rev-parse --show-toplevel [4ms]
2026-01-01 08:51:08.750 [info] fatal: not a git repository (or any parent up to mount point /)
Stopping at filesystem boundary (GIT_DISCOVERY_ACROSS_FILESYSTEM not set).
2026-01-01 08:51:25.628 [info] > git rev-parse --show-toplevel [6ms]
2026-01-01 08:51:25.628 [info] fatal: not a git repository (or any parent up to mount point /)
Stopping at filesystem boundary (GIT_DISCOVERY_ACROSS_FILESYSTEM not set).
2026-01-01 08:51:27.663 [info] > git rev-parse --show-toplevel [8ms]
2026-01-01 08:51:27.663 [info] fatal: not a git repository (or any parent up to mount point /)
Stopping at filesystem boundary (GIT_DISCOVERY_ACROSS_FILESYSTEM not set).
2026-01-01 08:51:29.191 [info] > git rev-parse --show-toplevel [3ms]
2026-01-01 08:51:29.191 [info] fatal: not a git repository (or any parent up to mount point /)
Stopping at filesystem boundary (GIT_DISCOVERY_ACROSS_FILESYSTEM not set).
2026-01-01 08:51:30.607 [info] > git rev-parse --show-toplevel [9ms]
2026-01-01 08:51:30.607 [info] fatal: not a git repository (or any parent up to mount point /)
Stopping at filesystem boundary (GIT_DISCOVERY_ACROSS_FILESYSTEM not set).
2026-01-01 08:51:41.489 [info] > git rev-parse --show-toplevel [6ms]
2026-01-01 08:51:41.489 [info] fatal: not a git repository (or any parent up to mount point /)
Stopping at filesystem boundary (GIT_DISCOVERY_ACROSS_FILESYSTEM not set).
2026-01-01 08:58:55.366 [info] > git rev-parse --show-toplevel [6ms]
2026-01-01 08:58:55.366 [info] fatal: not a git repository (or any parent up to mount point /)
Stopping at filesystem boundary (GIT_DISCOVERY_ACROSS_FILESYSTEM not set).
2026-01-01 08:59:12.242 [info] > git rev-parse --show-toplevel [6ms]
2026-01-01 08:59:12.242 [info] fatal: not a git repository (or any parent up to mount point /)
Stopping at filesystem boundary (GIT_DISCOVERY_ACROSS_FILESYSTEM not set).
2026-01-01 08:59:19.070 [info] > git rev-parse --show-toplevel [7ms]
2026-01-01 08:59:19.070 [info] fatal: not a git repository (or any parent up to mount point /)
Stopping at filesystem boundary (GIT_DISCOVERY_ACROSS_FILESYSTEM not set).
2026-01-01 08:59:22.574 [info] > git rev-parse --show-toplevel [6ms]
2026-01-01 08:59:22.575 [info] fatal: not a git repository (or any parent up to mount point /)
Stopping at filesystem boundary (GIT_DISCOVERY_ACROSS_FILESYSTEM not set).
2026-01-01 08:59:47.083 [info] > git rev-parse --show-toplevel [10ms]
2026-01-01 08:59:47.083 [info] fatal: not a git repository (or any parent up to mount point /)
Stopping at filesystem boundary (GIT_DISCOVERY_ACROSS_FILESYSTEM not set).
2026-01-01 09:00:14.219 [info] > git rev-parse --show-toplevel [7ms]
2026-01-01 09:00:14.219 [info] fatal: not a git repository (or any parent up to mount point /)
Stopping at filesystem boundary (GIT_DISCOVERY_ACROSS_FILESYSTEM not set).
2026-01-01 09:00:17.544 [info] > git rev-parse --show-toplevel [5ms]
2026-01-01 09:00:17.544 [info] fatal: not a git repository (or any parent up to mount point /)
Stopping at filesystem boundary (GIT_DISCOVERY_ACROSS_FILESYSTEM not set).
2026-01-01 09:01:20.240 [info] > git rev-parse --show-toplevel [4ms]
2026-01-01 09:01:20.240 [info] fatal: not a git repository (or any parent up to mount point /)
Stopping at filesystem boundary (GIT_DISCOVERY_ACROSS_FILESYSTEM not set).
2026-01-01 09:01:21.756 [info] > git rev-parse --show-toplevel [6ms]
2026-01-01 09:01:21.756 [info] fatal: not a git repository (or any parent up to mount point /)
Stopping at filesystem boundary (GIT_DISCOVERY_ACROSS_FILESYSTEM not set).
2026-01-01 09:01:23.045 [info] > git rev-parse --show-toplevel [5ms]
2026-01-01 09:01:23.045 [info] fatal: not a git repository (or any parent up to mount point /)
Stopping at filesystem boundary (GIT_DISCOVERY_ACROSS_FILESYSTEM not set).
2026-01-01 09:01:23.984 [info] > git rev-parse --show-toplevel [6ms]
2026-01-01 09:01:23.984 [info] fatal: not a git repository (or any parent up to mount point /)
Stopping at filesystem boundary (GIT_DISCOVERY_ACROSS_FILESYSTEM not set).
2026-01-01 09:02:36.040 [info] > git rev-parse --show-toplevel [7ms]
2026-01-01 09:02:36.040 [info] fatal: not a git repository (or any parent up to mount point /)
Stopping at filesystem boundary (GIT_DISCOVERY_ACROSS_FILESYSTEM not set).
2026-01-01 09:03:12.244 [info] > git rev-parse --show-toplevel [12ms]
2026-01-01 09:03:12.244 [info] fatal: not a git repository (or any parent up to mount point /)
Stopping at filesystem boundary (GIT_DISCOVERY_ACROSS_FILESYSTEM not set).
2026-01-01 09:05:29.166 [info] > git rev-parse --show-toplevel [3ms]
2026-01-01 09:05:29.167 [info] fatal: not a git repository (or any parent up to mount point /)
Stopping at filesystem boundary (GIT_DISCOVERY_ACROSS_FILESYSTEM not set).
2026-01-01 09:05:42.405 [info] > git rev-parse --show-toplevel [5ms]
2026-01-01 09:05:42.405 [info] fatal: not a git repository (or any parent up to mount point /)
Stopping at filesystem boundary (GIT_DISCOVERY_ACROSS_FILESYSTEM not set).
2026-01-01 09:05:48.508 [info] > git rev-parse --show-toplevel [5ms]
2026-01-01 09:05:48.508 [info] fatal: not a git repository (or any parent up to mount point /)
Stopping at filesystem boundary (GIT_DISCOVERY_ACROSS_FILESYSTEM not set).
2026-01-01 09:05:51.276 [info] > git rev-parse --show-toplevel [4ms]
2026-01-01 09:05:51.276 [info] fatal: not a git repository (or any parent up to mount point /)
Stopping at filesystem boundary (GIT_DISCOVERY_ACROSS_FILESYSTEM not set).
2026-01-01 09:29:46.290 [info] > git rev-parse --show-toplevel [5ms]
2026-01-01 09:29:46.290 [info] fatal: not a git repository (or any parent up to mount point /)
Stopping at filesystem boundary (GIT_DISCOVERY_ACROSS_FILESYSTEM not set).
2026-01-01 09:29:54.791 [info] > git rev-parse --show-toplevel [4ms]
2026-01-01 09:29:54.792 [info] fatal: not a git repository (or any parent up to mount point /)
Stopping at filesystem boundary (GIT_DISCOVERY_ACROSS_FILESYSTEM not set).
2026-01-01 09:30:00.617 [info] > git rev-parse --show-toplevel [4ms]
2026-01-01 09:30:00.617 [info] fatal: not a git repository (or any parent up to mount point /)
Stopping at filesystem boundary (GIT_DISCOVERY_ACROSS_FILESYSTEM not set).
2026-01-01 09:30:06.194 [info] > git rev-parse --show-toplevel [5ms]
2026-01-01 09:30:06.194 [info] fatal: not a git repository (or any parent up to mount point /)
Stopping at filesystem boundary (GIT_DISCOVERY_ACROSS_FILESYSTEM not set).
2026-01-01 09:30:23.889 [info] > git rev-parse --show-toplevel [5ms]
2026-01-01 09:30:23.889 [info] fatal: not a git repository (or any parent up to mount point /)
Stopping at filesystem boundary (GIT_DISCOVERY_ACROSS_FILESYSTEM not set).
2026-01-01 09:30:33.834 [info] > git rev-parse --show-toplevel [6ms]
2026-01-01 09:30:33.834 [info] fatal: not a git repository (or any parent up to mount point /)
Stopping at filesystem boundary (GIT_DISCOVERY_ACROSS_FILESYSTEM not set).
2026-01-01 09:30:37.841 [info] > git rev-parse --show-toplevel [9ms]
2026-01-01 09:30:37.842 [info] fatal: not a git repository (or any parent up to mount point /)
Stopping at filesystem boundary (GIT_DISCOVERY_ACROSS_FILESYSTEM not set).
2026-01-01 09:30:41.615 [info] > git rev-parse --show-toplevel [4ms]
2026-01-01 09:30:41.615 [info] fatal: not a git repository (or any parent up to mount point /)
Stopping at filesystem boundary (GIT_DISCOVERY_ACROSS_FILESYSTEM not set).
2026-01-01 09:30:49.690 [info] > git rev-parse --show-toplevel [5ms]
2026-01-01 09:30:49.690 [info] fatal: not a git repository (or any parent up to mount point /)
Stopping at filesystem boundary (GIT_DISCOVERY_ACROSS_FILESYSTEM not set).
2026-01-01 09:30:53.228 [info] > git rev-parse --show-toplevel [4ms]
2026-01-01 09:30:53.228 [info] fatal: not a git repository (or any parent up to mount point /)
Stopping at filesystem boundary (GIT_DISCOVERY_ACROSS_FILESYSTEM not set).
2026-01-01 09:31:08.368 [info] > git rev-parse --show-toplevel [4ms]
2026-01-01 09:31:08.368 [info] fatal: not a git repository (or any parent up to mount point /)
Stopping at filesystem boundary (GIT_DISCOVERY_ACROSS_FILESYSTEM not set).
2026-01-01 09:31:21.106 [info] > git rev-parse --show-toplevel [8ms]
2026-01-01 09:31:21.106 [info] fatal: not a git repository (or any parent up to mount point /)
Stopping at filesystem boundary (GIT_DISCOVERY_ACROSS_FILESYSTEM not set).
2026-01-01 09:33:05.845 [info] > git rev-parse --show-toplevel [5ms]
2026-01-01 09:33:05.845 [info] fatal: not a git repository (or any parent up to mount point /)
Stopping at filesystem boundary (GIT_DISCOVERY_ACROSS_FILESYSTEM not set).
