2026-01-01 10:35:59.385 [info] Reading sessions from keychain...
2026-01-01 10:35:59.385 [info] Getting sessions for all scopes...
2026-01-01 10:35:59.385 [info] Got stored sessions!
2026-01-01 10:35:59.385 [info] Got 1 verified sessions.
2026-01-01 10:35:59.385 [info] Got 1 sessions for ...
2026-01-01 10:35:59.385 [info] Getting sessions for all scopes...
2026-01-01 10:35:59.385 [info] Got 1 sessions for ...
2026-01-01 10:35:59.385 [info] Getting sessions for all scopes...
2026-01-01 10:35:59.385 [info] Got 1 sessions for ...
2026-01-01 10:35:59.385 [info] Getting sessions for all scopes...
2026-01-01 10:35:59.385 [info] Got 1 sessions for ...
2026-01-01 10:35:59.385 [info] Getting sessions for all scopes...
2026-01-01 10:35:59.385 [info] Got 1 sessions for ...
2026-01-01 10:35:59.385 [info] Getting sessions for all scopes...
2026-01-01 10:35:59.385 [info] Got 1 sessions for ...
2026-01-01 10:35:59.386 [info] Getting sessions for all scopes...
2026-01-01 10:35:59.386 [info] Got 1 sessions for ...
2026-01-01 10:35:59.386 [info] Getting sessions for all scopes...
2026-01-01 10:35:59.386 [info] Got 1 sessions for ...
2026-01-01 10:35:59.386 [info] Getting sessions for all scopes...
2026-01-01 10:35:59.386 [info] Got 1 sessions for ...
2026-01-01 10:35:59.386 [info] Getting sessions for all scopes...
2026-01-01 10:35:59.386 [info] Got 1 sessions for ...
2026-01-01 10:35:59.386 [info] Getting sessions for all scopes...
2026-01-01 10:35:59.386 [info] Got 1 sessions for ...
2026-01-01 10:35:59.386 [info] Getting sessions for all scopes...
2026-01-01 10:35:59.386 [info] Got 1 sessions for ...
2026-01-01 10:35:59.386 [info] Getting sessions for all scopes...
2026-01-01 10:35:59.386 [info] Got 1 sessions for ...
2026-01-01 10:35:59.386 [info] Getting sessions for all scopes...
2026-01-01 10:35:59.386 [info] Got 1 sessions for ...
2026-01-01 10:35:59.386 [info] Getting sessions for all scopes...
2026-01-01 10:35:59.386 [info] Got 1 sessions for ...
2026-01-01 10:35:59.386 [info] Getting sessions for all scopes...
2026-01-01 10:35:59.386 [info] Got 1 sessions for ...
2026-01-01 10:35:59.386 [info] Getting sessions for all scopes...
2026-01-01 10:35:59.386 [info] Got 1 sessions for ...
2026-01-01 10:35:59.419 [info] Getting sessions for read:user,repo,user:email,workflow...
2026-01-01 10:35:59.419 [info] Got 1 sessions for read:user,repo,user:email,workflow...
2026-01-01 10:36:00.808 [info] FetcherService: Electron fetch failed with status: 429 
2026-01-01 10:36:01.322 [info] Getting sessions for all scopes...
2026-01-01 10:36:01.322 [info] Got 1 sessions for ...
2026-01-01 10:36:01.322 [info] Getting sessions for all scopes...
2026-01-01 10:36:01.322 [info] Got 1 sessions for ...
2026-01-01 10:36:01.323 [info] Getting sessions for all scopes...
2026-01-01 10:36:01.323 [info] Got 1 sessions for ...
2026-01-01 10:36:01.582 [info] Getting sessions for read:user,repo,user:email...
2026-01-01 10:36:01.582 [info] Got 0 sessions for read:user,repo,user:email...
2026-01-01 10:36:01.846 [info] Getting sessions for read:user,repo,user:email,workflow...
2026-01-01 10:36:01.847 [info] Got 1 sessions for read:user,repo,user:email,workflow...
2026-01-01 10:36:02.371 [info] Getting sessions for all scopes...
2026-01-01 10:36:02.371 [info] Got 1 sessions for ...
2026-01-01 10:36:02.999 [info] FetcherService: Node fetch failed with status: 429 Too Many Requests
2026-01-01 10:36:03.293 [info] Getting sessions for all scopes...
2026-01-01 10:36:03.293 [info] Got 1 sessions for ...
2026-01-01 10:36:03.293 [info] Getting sessions for all scopes...
2026-01-01 10:36:03.293 [info] Got 1 sessions for ...
2026-01-01 10:36:03.338 [info] Getting sessions for read:user,repo,user:email,workflow...
2026-01-01 10:36:03.338 [info] Got 1 sessions for read:user,repo,user:email,workflow...
2026-01-01 10:36:03.653 [info] Getting sessions for all scopes...
2026-01-01 10:36:03.653 [info] Got 1 sessions for ...
2026-01-01 10:36:03.700 [info] Getting sessions for all scopes...
2026-01-01 10:36:03.700 [info] Got 1 sessions for ...
2026-01-01 10:36:03.727 [info] Getting sessions for all scopes...
2026-01-01 10:36:03.727 [info] Got 1 sessions for ...
2026-01-01 10:36:03.743 [info] Getting sessions for all scopes...
2026-01-01 10:36:03.743 [info] Got 1 sessions for ...
2026-01-01 10:36:03.869 [info] Getting sessions for read:user,repo,user:email,workflow...
2026-01-01 10:36:03.869 [info] Got 1 sessions for read:user,repo,user:email,workflow...
2026-01-01 10:36:04.145 [info] FetcherService: Node http/s failed with status: 429 Too Many Requests
