2026-01-01 18:37:49.777 [info] Reading sessions from keychain...
2026-01-01 18:37:49.777 [info] Getting sessions for all scopes...
2026-01-01 18:37:49.777 [info] Got stored sessions!
2026-01-01 18:37:49.777 [info] Got 1 verified sessions.
2026-01-01 18:37:49.777 [info] Got 1 sessions for ...
2026-01-01 18:37:49.777 [info] Getting sessions for all scopes...
2026-01-01 18:37:49.777 [info] Got 1 sessions for ...
2026-01-01 18:37:49.777 [info] Getting sessions for all scopes...
2026-01-01 18:37:49.777 [info] Got 1 sessions for ...
2026-01-01 18:37:49.777 [info] Getting sessions for all scopes...
2026-01-01 18:37:49.777 [info] Got 1 sessions for ...
2026-01-01 18:37:49.777 [info] Getting sessions for all scopes...
2026-01-01 18:37:49.777 [info] Got 1 sessions for ...
2026-01-01 18:37:49.777 [info] Getting sessions for all scopes...
2026-01-01 18:37:49.777 [info] Got 1 sessions for ...
2026-01-01 18:37:49.777 [info] Getting sessions for all scopes...
2026-01-01 18:37:49.777 [info] Got 1 sessions for ...
2026-01-01 18:37:49.777 [info] Getting sessions for all scopes...
2026-01-01 18:37:49.777 [info] Got 1 sessions for ...
2026-01-01 18:37:49.777 [info] Getting sessions for all scopes...
2026-01-01 18:37:49.777 [info] Got 1 sessions for ...
2026-01-01 18:37:49.777 [info] Getting sessions for all scopes...
2026-01-01 18:37:49.777 [info] Got 1 sessions for ...
2026-01-01 18:37:49.777 [info] Getting sessions for all scopes...
2026-01-01 18:37:49.777 [info] Got 1 sessions for ...
2026-01-01 18:37:49.777 [info] Getting sessions for all scopes...
2026-01-01 18:37:49.777 [info] Got 1 sessions for ...
2026-01-01 18:37:49.777 [info] Getting sessions for all scopes...
2026-01-01 18:37:49.777 [info] Got 1 sessions for ...
2026-01-01 18:37:49.777 [info] Getting sessions for all scopes...
2026-01-01 18:37:49.777 [info] Got 1 sessions for ...
2026-01-01 18:37:49.777 [info] Getting sessions for all scopes...
2026-01-01 18:37:49.777 [info] Got 1 sessions for ...
2026-01-01 18:37:49.777 [info] Getting sessions for all scopes...
2026-01-01 18:37:49.777 [info] Got 1 sessions for ...
2026-01-01 18:37:49.777 [info] Getting sessions for all scopes...
2026-01-01 18:37:49.777 [info] Got 1 sessions for ...
2026-01-01 18:37:49.777 [info] Getting sessions for all scopes...
2026-01-01 18:37:49.777 [info] Got 1 sessions for ...
2026-01-01 18:37:49.777 [info] Getting sessions for all scopes...
2026-01-01 18:37:49.777 [info] Got 1 sessions for ...
2026-01-01 18:37:49.777 [info] Getting sessions for read:user,repo,user:email,workflow...
2026-01-01 18:37:49.777 [info] Got 1 sessions for read:user,repo,user:email,workflow...
2026-01-01 18:37:51.342 [info] FetcherService: Electron fetch failed with status: 429 
2026-01-01 18:37:51.810 [info] Getting sessions for all scopes...
2026-01-01 18:37:51.810 [info] Got 1 sessions for ...
2026-01-01 18:37:51.810 [info] Getting sessions for all scopes...
2026-01-01 18:37:51.810 [info] Got 1 sessions for ...
2026-01-01 18:37:51.810 [info] Getting sessions for all scopes...
2026-01-01 18:37:51.811 [info] Got 1 sessions for ...
2026-01-01 18:37:52.117 [info] Getting sessions for read:user,repo,user:email...
2026-01-01 18:37:52.117 [info] Got 0 sessions for read:user,repo,user:email...
2026-01-01 18:37:52.176 [info] Getting sessions for read:user,repo,user:email,workflow...
2026-01-01 18:37:52.186 [info] Got 1 sessions for read:user,repo,user:email,workflow...
2026-01-01 18:37:54.047 [info] FetcherService: Node fetch failed with status: 429 Too Many Requests
2026-01-01 18:37:54.155 [info] Getting sessions for all scopes...
2026-01-01 18:37:54.155 [info] Got 1 sessions for ...
2026-01-01 18:37:54.156 [info] Getting sessions for all scopes...
2026-01-01 18:37:54.156 [info] Got 1 sessions for ...
2026-01-01 18:37:54.247 [info] Getting sessions for read:user,repo,user:email,workflow...
2026-01-01 18:37:54.248 [info] Got 1 sessions for read:user,repo,user:email,workflow...
2026-01-01 18:37:54.549 [info] Getting sessions for all scopes...
2026-01-01 18:37:54.549 [info] Got 1 sessions for ...
2026-01-01 18:37:54.567 [info] Getting sessions for all scopes...
2026-01-01 18:37:54.567 [info] Got 1 sessions for ...
2026-01-01 18:37:54.622 [info] Getting sessions for all scopes...
2026-01-01 18:37:54.622 [info] Got 1 sessions for ...
2026-01-01 18:37:54.626 [info] Getting sessions for all scopes...
2026-01-01 18:37:54.626 [info] Got 1 sessions for ...
2026-01-01 18:37:54.891 [info] Getting sessions for read:user,repo,user:email,workflow...
2026-01-01 18:37:54.891 [info] Got 1 sessions for read:user,repo,user:email,workflow...
2026-01-01 18:37:55.335 [info] FetcherService: Node http/s failed with status: 429 Too Many Requests
2026-01-01 18:42:30.000 [info] Getting sessions for all scopes...
2026-01-01 18:42:30.001 [info] Got 1 sessions for ...
2026-01-01 18:42:30.003 [info] Getting sessions for all scopes...
2026-01-01 18:42:30.003 [info] Got 1 sessions for ...
