2026-01-02 23:00:32.283 [info] Reading sessions from keychain...
2026-01-02 23:00:32.283 [info] Getting sessions for all scopes...
2026-01-02 23:00:32.283 [info] Got stored sessions!
2026-01-02 23:00:32.283 [info] Got 1 verified sessions.
2026-01-02 23:00:32.283 [info] Got 1 sessions for ...
2026-01-02 23:00:32.283 [info] Getting sessions for all scopes...
2026-01-02 23:00:32.283 [info] Got 1 sessions for ...
2026-01-02 23:00:32.283 [info] Getting sessions for all scopes...
2026-01-02 23:00:32.283 [info] Got 1 sessions for ...
2026-01-02 23:00:32.283 [info] Getting sessions for all scopes...
2026-01-02 23:00:32.284 [info] Got 1 sessions for ...
2026-01-02 23:00:32.284 [info] Getting sessions for all scopes...
2026-01-02 23:00:32.284 [info] Got 1 sessions for ...
2026-01-02 23:00:32.284 [info] Getting sessions for all scopes...
2026-01-02 23:00:32.284 [info] Got 1 sessions for ...
2026-01-02 23:00:32.284 [info] Getting sessions for all scopes...
2026-01-02 23:00:32.284 [info] Got 1 sessions for ...
2026-01-02 23:00:32.284 [info] Getting sessions for all scopes...
2026-01-02 23:00:32.284 [info] Got 1 sessions for ...
2026-01-02 23:00:32.284 [info] Getting sessions for all scopes...
2026-01-02 23:00:32.284 [info] Got 1 sessions for ...
2026-01-02 23:00:32.284 [info] Getting sessions for all scopes...
2026-01-02 23:00:32.284 [info] Got 1 sessions for ...
2026-01-02 23:00:32.284 [info] Getting sessions for all scopes...
2026-01-02 23:00:32.284 [info] Got 1 sessions for ...
2026-01-02 23:00:32.284 [info] Getting sessions for all scopes...
2026-01-02 23:00:32.284 [info] Got 1 sessions for ...
2026-01-02 23:00:32.284 [info] Getting sessions for all scopes...
2026-01-02 23:00:32.284 [info] Got 1 sessions for ...
2026-01-02 23:00:32.284 [info] Getting sessions for all scopes...
2026-01-02 23:00:32.284 [info] Got 1 sessions for ...
2026-01-02 23:00:32.284 [info] Getting sessions for all scopes...
2026-01-02 23:00:32.284 [info] Got 1 sessions for ...
2026-01-02 23:00:32.284 [info] Getting sessions for all scopes...
2026-01-02 23:00:32.284 [info] Got 1 sessions for ...
2026-01-02 23:00:32.284 [info] Getting sessions for all scopes...
2026-01-02 23:00:32.284 [info] Got 1 sessions for ...
2026-01-02 23:00:32.300 [info] Getting sessions for read:user,repo,user:email,workflow...
2026-01-02 23:00:32.301 [info] Got 1 sessions for read:user,repo,user:email,workflow...
2026-01-02 23:00:33.094 [info] FetcherService: Electron fetch failed with status: 429 
2026-01-02 23:00:34.799 [info] Getting sessions for all scopes...
2026-01-02 23:00:34.800 [info] Got 1 sessions for ...
2026-01-02 23:00:34.938 [info] Getting sessions for all scopes...
2026-01-02 23:00:34.938 [info] Got 1 sessions for ...
2026-01-02 23:00:34.953 [info] Getting sessions for read:user,repo,user:email...
2026-01-02 23:00:34.953 [info] Got 0 sessions for read:user,repo,user:email...
2026-01-02 23:00:35.092 [info] Getting sessions for read:user,repo,user:email,workflow...
2026-01-02 23:00:35.093 [info] Got 1 sessions for read:user,repo,user:email,workflow...
2026-01-02 23:00:35.829 [info] Getting sessions for all scopes...
2026-01-02 23:00:35.829 [info] Got 1 sessions for ...
2026-01-02 23:00:36.552 [info] FetcherService: Node fetch failed with status: 429 Too Many Requests
2026-01-02 23:00:36.748 [info] Getting sessions for all scopes...
2026-01-02 23:00:36.748 [info] Got 1 sessions for ...
2026-01-02 23:00:36.748 [info] Getting sessions for all scopes...
2026-01-02 23:00:36.748 [info] Got 1 sessions for ...
2026-01-02 23:00:36.769 [info] Getting sessions for read:user,repo,user:email,workflow...
2026-01-02 23:00:36.774 [info] Got 1 sessions for read:user,repo,user:email,workflow...
2026-01-02 23:00:37.028 [info] Getting sessions for all scopes...
2026-01-02 23:00:37.028 [info] Got 1 sessions for ...
2026-01-02 23:00:37.050 [info] Getting sessions for all scopes...
2026-01-02 23:00:37.050 [info] Got 1 sessions for ...
2026-01-02 23:00:37.050 [info] Getting sessions for all scopes...
2026-01-02 23:00:37.050 [info] Got 1 sessions for ...
2026-01-02 23:00:37.054 [info] Getting sessions for all scopes...
2026-01-02 23:00:37.054 [info] Got 1 sessions for ...
2026-01-02 23:00:37.220 [info] Getting sessions for read:user,repo,user:email,workflow...
2026-01-02 23:00:37.220 [info] Got 1 sessions for read:user,repo,user:email,workflow...
