2026-01-04 18:34:56.267 [info] Reading sessions from keychain...
2026-01-04 18:34:56.267 [info] Getting sessions for all scopes...
2026-01-04 18:34:56.267 [info] Got stored sessions!
2026-01-04 18:34:56.267 [info] Got 1 verified sessions.
2026-01-04 18:34:56.267 [info] Got 1 sessions for ...
2026-01-04 18:34:56.267 [info] Getting sessions for all scopes...
2026-01-04 18:34:56.267 [info] Got 1 sessions for ...
2026-01-04 18:34:56.267 [info] Getting sessions for all scopes...
2026-01-04 18:34:56.267 [info] Got 1 sessions for ...
2026-01-04 18:34:56.267 [info] Getting sessions for all scopes...
2026-01-04 18:34:56.267 [info] Got 1 sessions for ...
2026-01-04 18:34:56.267 [info] Getting sessions for all scopes...
2026-01-04 18:34:56.267 [info] Got 1 sessions for ...
2026-01-04 18:34:56.267 [info] Getting sessions for all scopes...
2026-01-04 18:34:56.267 [info] Got 1 sessions for ...
2026-01-04 18:34:56.267 [info] Getting sessions for all scopes...
2026-01-04 18:34:56.267 [info] Got 1 sessions for ...
2026-01-04 18:34:56.267 [info] Getting sessions for all scopes...
2026-01-04 18:34:56.267 [info] Got 1 sessions for ...
2026-01-04 18:34:56.267 [info] Getting sessions for all scopes...
2026-01-04 18:34:56.267 [info] Got 1 sessions for ...
2026-01-04 18:34:56.267 [info] Getting sessions for all scopes...
2026-01-04 18:34:56.267 [info] Got 1 sessions for ...
2026-01-04 18:34:56.267 [info] Getting sessions for all scopes...
2026-01-04 18:34:56.267 [info] Got 1 sessions for ...
2026-01-04 18:34:56.267 [info] Getting sessions for all scopes...
2026-01-04 18:34:56.267 [info] Got 1 sessions for ...
2026-01-04 18:34:56.267 [info] Getting sessions for all scopes...
2026-01-04 18:34:56.267 [info] Got 1 sessions for ...
2026-01-04 18:34:56.267 [info] Getting sessions for all scopes...
2026-01-04 18:34:56.267 [info] Got 1 sessions for ...
2026-01-04 18:34:56.267 [info] Getting sessions for all scopes...
2026-01-04 18:34:56.267 [info] Got 1 sessions for ...
2026-01-04 18:34:56.267 [info] Getting sessions for all scopes...
2026-01-04 18:34:56.267 [info] Got 1 sessions for ...
2026-01-04 18:34:56.267 [info] Getting sessions for all scopes...
2026-01-04 18:34:56.267 [info] Got 1 sessions for ...
2026-01-04 18:34:56.267 [info] Getting sessions for all scopes...
2026-01-04 18:34:56.267 [info] Got 1 sessions for ...
2026-01-04 18:34:56.267 [info] Getting sessions for read:user,repo,user:email,workflow...
2026-01-04 18:34:56.267 [info] Got 1 sessions for read:user,repo,user:email,workflow...
2026-01-04 18:34:58.266 [info] Getting sessions for all scopes...
2026-01-04 18:34:58.266 [info] Got 1 sessions for ...
2026-01-04 18:34:58.378 [info] Getting sessions for all scopes...
2026-01-04 18:34:58.378 [info] Got 1 sessions for ...
2026-01-04 18:34:58.379 [info] Getting sessions for all scopes...
2026-01-04 18:34:58.379 [info] Got 1 sessions for ...
2026-01-04 18:34:58.379 [info] Getting sessions for all scopes...
2026-01-04 18:34:58.379 [info] Got 1 sessions for ...
2026-01-04 18:34:58.693 [info] Getting sessions for read:user,repo,user:email...
2026-01-04 18:34:58.693 [info] Got 0 sessions for read:user,repo,user:email...
2026-01-04 18:34:58.791 [info] Getting sessions for read:user,repo,user:email,workflow...
2026-01-04 18:34:58.791 [info] Got 1 sessions for read:user,repo,user:email,workflow...
2026-01-04 18:34:58.994 [info] FetcherService: Electron fetch failed with status: 429 
2026-01-04 18:34:59.204 [info] Getting sessions for read:user,repo,user:email...
2026-01-04 18:34:59.204 [info] Got 0 sessions for read:user,repo,user:email...
2026-01-04 18:34:59.242 [info] Getting sessions for read:user,repo,user:email,workflow...
2026-01-04 18:34:59.242 [info] Got 1 sessions for read:user,repo,user:email,workflow...
2026-01-04 18:34:59.271 [info] Getting sessions for all scopes...
2026-01-04 18:34:59.272 [info] Got 1 sessions for ...
2026-01-04 18:34:59.272 [info] Getting sessions for all scopes...
2026-01-04 18:34:59.272 [info] Got 1 sessions for ...
2026-01-04 18:34:59.273 [info] Getting sessions for all scopes...
2026-01-04 18:34:59.273 [info] Got 1 sessions for ...
2026-01-04 18:34:59.395 [info] Getting sessions for read:user,repo,user:email,workflow...
2026-01-04 18:34:59.395 [info] Got 1 sessions for read:user,repo,user:email,workflow...
2026-01-04 18:34:59.622 [info] Getting sessions for read:user,repo,user:email...
2026-01-04 18:34:59.622 [info] Got 0 sessions for read:user,repo,user:email...
2026-01-04 18:35:00.209 [info] Getting sessions for all scopes...
2026-01-04 18:35:00.210 [info] Got 1 sessions for ...
2026-01-04 18:35:00.211 [info] Getting sessions for all scopes...
2026-01-04 18:35:00.211 [info] Got 1 sessions for ...
2026-01-04 18:35:01.043 [info] FetcherService: Node fetch failed with status: 429 Too Many Requests
2026-01-04 18:35:01.084 [info] Getting sessions for read:user,repo,user:email,workflow...
2026-01-04 18:35:01.084 [info] Got 1 sessions for read:user,repo,user:email,workflow...
2026-01-04 18:35:01.299 [info] Getting sessions for all scopes...
2026-01-04 18:35:01.299 [info] Got 1 sessions for ...
2026-01-04 18:35:01.336 [info] Getting sessions for all scopes...
2026-01-04 18:35:01.336 [info] Got 1 sessions for ...
2026-01-04 18:35:01.338 [info] Getting sessions for all scopes...
2026-01-04 18:35:01.338 [info] Got 1 sessions for ...
2026-01-04 18:35:01.343 [info] Getting sessions for all scopes...
2026-01-04 18:35:01.343 [info] Got 1 sessions for ...
2026-01-04 18:35:01.423 [info] Getting sessions for all scopes...
2026-01-04 18:35:01.423 [info] Got 1 sessions for ...
2026-01-04 18:35:01.570 [info] Getting sessions for read:user,repo,user:email,workflow...
2026-01-04 18:35:01.570 [info] Got 1 sessions for read:user,repo,user:email,workflow...
2026-01-04 18:35:01.875 [info] FetcherService: Node http/s failed with status: 429 Too Many Requests
2026-01-04 18:35:02.005 [info] Getting sessions for all scopes...
2026-01-04 18:35:02.005 [info] Got 1 sessions for ...
2026-01-04 18:35:02.009 [info] Getting sessions for read:user,repo,user:email,workflow...
2026-01-04 18:35:02.009 [info] Got 1 sessions for read:user,repo,user:email,workflow...
