2026-01-04 18:16:56.304 [info] Reading sessions from keychain...
2026-01-04 18:16:56.305 [info] Getting sessions for all scopes...
2026-01-04 18:16:56.305 [info] Got stored sessions!
2026-01-04 18:16:56.305 [info] Got 1 verified sessions.
2026-01-04 18:16:56.305 [info] Got 1 sessions for ...
2026-01-04 18:16:56.305 [info] Getting sessions for all scopes...
2026-01-04 18:16:56.305 [info] Got 1 sessions for ...
2026-01-04 18:16:56.305 [info] Getting sessions for all scopes...
2026-01-04 18:16:56.305 [info] Got 1 sessions for ...
2026-01-04 18:16:56.305 [info] Getting sessions for all scopes...
2026-01-04 18:16:56.305 [info] Got 1 sessions for ...
2026-01-04 18:16:56.305 [info] Getting sessions for all scopes...
2026-01-04 18:16:56.305 [info] Got 1 sessions for ...
2026-01-04 18:16:56.305 [info] Getting sessions for all scopes...
2026-01-04 18:16:56.305 [info] Got 1 sessions for ...
2026-01-04 18:16:56.305 [info] Getting sessions for all scopes...
2026-01-04 18:16:56.305 [info] Got 1 sessions for ...
2026-01-04 18:16:56.305 [info] Getting sessions for all scopes...
2026-01-04 18:16:56.305 [info] Got 1 sessions for ...
2026-01-04 18:16:56.305 [info] Getting sessions for all scopes...
2026-01-04 18:16:56.305 [info] Got 1 sessions for ...
2026-01-04 18:16:56.305 [info] Getting sessions for all scopes...
2026-01-04 18:16:56.305 [info] Got 1 sessions for ...
2026-01-04 18:16:56.305 [info] Getting sessions for all scopes...
2026-01-04 18:16:56.305 [info] Got 1 sessions for ...
2026-01-04 18:16:56.305 [info] Getting sessions for all scopes...
2026-01-04 18:16:56.305 [info] Got 1 sessions for ...
2026-01-04 18:16:56.358 [info] Getting sessions for all scopes...
2026-01-04 18:16:56.358 [info] Got 1 sessions for ...
2026-01-04 18:16:56.359 [info] Getting sessions for all scopes...
2026-01-04 18:16:56.360 [info] Got 1 sessions for ...
2026-01-04 18:16:56.362 [info] Getting sessions for all scopes...
2026-01-04 18:16:56.362 [info] Got 1 sessions for ...
2026-01-04 18:16:56.363 [info] Getting sessions for all scopes...
2026-01-04 18:16:56.363 [info] Got 1 sessions for ...
2026-01-04 18:16:56.363 [info] Getting sessions for all scopes...
2026-01-04 18:16:56.363 [info] Got 1 sessions for ...
2026-01-04 18:16:56.366 [info] Getting sessions for all scopes...
2026-01-04 18:16:56.368 [info] Got 1 sessions for ...
2026-01-04 18:16:56.605 [info] Getting sessions for read:user,repo,user:email,workflow...
2026-01-04 18:16:56.605 [info] Got 1 sessions for read:user,repo,user:email,workflow...
2026-01-04 18:16:58.177 [info] Getting sessions for all scopes...
2026-01-04 18:16:58.177 [info] Got 1 sessions for ...
2026-01-04 18:16:59.735 [info] Getting sessions for read:user,repo,user:email...
2026-01-04 18:16:59.735 [info] Got 0 sessions for read:user,repo,user:email...
2026-01-04 18:16:59.859 [info] FetcherService: Electron fetch failed with status: 429 
2026-01-04 18:17:00.160 [info] Getting sessions for all scopes...
2026-01-04 18:17:00.160 [info] Got 1 sessions for ...
2026-01-04 18:17:00.161 [info] Getting sessions for all scopes...
2026-01-04 18:17:00.162 [info] Got 1 sessions for ...
2026-01-04 18:17:00.162 [info] Getting sessions for all scopes...
2026-01-04 18:17:00.162 [info] Got 1 sessions for ...
2026-01-04 18:17:00.534 [info] Getting sessions for read:user,repo,user:email,workflow...
2026-01-04 18:17:00.534 [info] Got 1 sessions for read:user,repo,user:email,workflow...
2026-01-04 18:17:01.828 [info] FetcherService: Node fetch failed with status: 429 Too Many Requests
2026-01-04 18:17:01.896 [info] Getting sessions for all scopes...
2026-01-04 18:17:01.896 [info] Got 1 sessions for ...
2026-01-04 18:17:01.897 [info] Getting sessions for all scopes...
2026-01-04 18:17:01.897 [info] Got 1 sessions for ...
2026-01-04 18:17:01.972 [info] Getting sessions for read:user,repo,user:email,workflow...
2026-01-04 18:17:01.972 [info] Got 1 sessions for read:user,repo,user:email,workflow...
2026-01-04 18:17:02.242 [info] Getting sessions for all scopes...
2026-01-04 18:17:02.243 [info] Got 1 sessions for ...
2026-01-04 18:17:02.271 [info] Getting sessions for all scopes...
2026-01-04 18:17:02.271 [info] Got 1 sessions for ...
2026-01-04 18:17:02.272 [info] Getting sessions for all scopes...
2026-01-04 18:17:02.272 [info] Got 1 sessions for ...
2026-01-04 18:17:02.277 [info] Getting sessions for all scopes...
2026-01-04 18:17:02.277 [info] Got 1 sessions for ...
2026-01-04 18:17:02.456 [info] Getting sessions for read:user,repo,user:email,workflow...
2026-01-04 18:17:02.456 [info] Got 1 sessions for read:user,repo,user:email,workflow...
2026-01-04 18:17:03.595 [info] FetcherService: Node http/s failed with status: 429 Too Many Requests
2026-01-04 18:33:53.422 [info] Getting sessions for read:user,repo,user:email,workflow...
2026-01-04 18:33:53.422 [info] Got 1 sessions for read:user,repo,user:email,workflow...
2026-01-04 18:33:55.169 [info] Getting sessions for all scopes...
2026-01-04 18:33:55.170 [info] Got 1 sessions for ...
2026-01-04 18:33:57.536 [info] Getting sessions for all scopes...
2026-01-04 18:33:57.536 [info] Got 1 sessions for ...
2026-01-04 18:33:57.540 [info] Getting sessions for all scopes...
2026-01-04 18:33:57.540 [info] Got 1 sessions for ...
2026-01-04 18:33:57.544 [info] Getting sessions for all scopes...
2026-01-04 18:33:57.545 [info] Got 1 sessions for ...
2026-01-04 18:33:57.547 [info] Getting sessions for all scopes...
2026-01-04 18:33:57.548 [info] Got 1 sessions for ...
2026-01-04 18:33:57.628 [info] Getting sessions for all scopes...
2026-01-04 18:33:57.628 [info] Got 1 sessions for ...
2026-01-04 18:33:57.636 [info] Getting sessions for all scopes...
2026-01-04 18:33:57.636 [info] Got 1 sessions for ...
2026-01-04 18:33:57.637 [info] Getting sessions for all scopes...
2026-01-04 18:33:57.637 [info] Got 1 sessions for ...
2026-01-04 18:33:57.637 [info] Getting sessions for all scopes...
2026-01-04 18:33:57.637 [info] Got 1 sessions for ...
2026-01-04 18:33:57.639 [info] Getting sessions for read:user,repo,user:email...
2026-01-04 18:33:57.639 [info] Got 0 sessions for read:user,repo,user:email...
2026-01-04 18:33:57.650 [info] Getting sessions for read:user,repo,user:email,workflow...
2026-01-04 18:33:57.650 [info] Got 1 sessions for read:user,repo,user:email,workflow...
2026-01-04 18:33:57.651 [info] Getting sessions for read:user,repo,user:email...
2026-01-04 18:33:57.651 [info] Got 0 sessions for read:user,repo,user:email...
2026-01-04 18:33:57.656 [info] Getting sessions for read:user,repo,user:email...
2026-01-04 18:33:57.656 [info] Got 0 sessions for read:user,repo,user:email...
2026-01-04 18:33:57.660 [info] Getting sessions for read:user,repo,user:email...
2026-01-04 18:33:57.660 [info] Got 0 sessions for read:user,repo,user:email...
2026-01-04 18:33:57.664 [info] Getting sessions for read:user,repo,user:email...
2026-01-04 18:33:57.664 [info] Got 0 sessions for read:user,repo,user:email...
2026-01-04 18:34:12.566 [info] Getting sessions for all scopes...
2026-01-04 18:34:12.566 [info] Got 1 sessions for ...
2026-01-04 18:34:12.572 [info] Getting sessions for read:user,repo,user:email,workflow...
2026-01-04 18:34:12.573 [info] Got 1 sessions for read:user,repo,user:email,workflow...
2026-01-04 18:34:12.887 [info] Getting sessions for all scopes...
2026-01-04 18:34:12.887 [info] Got 1 sessions for ...
2026-01-04 18:34:12.893 [info] Getting sessions for read:user,repo,user:email,workflow...
2026-01-04 18:34:12.893 [info] Got 1 sessions for read:user,repo,user:email,workflow...
