2026-01-01 08:34:27.667 [info] Reading sessions from keychain...
2026-01-01 08:34:27.667 [info] Getting sessions for all scopes...
2026-01-01 08:34:27.667 [info] Got stored sessions!
2026-01-01 08:34:27.667 [info] Got 1 verified sessions.
2026-01-01 08:34:27.667 [info] Got 1 sessions for ...
2026-01-01 08:34:27.667 [info] Getting sessions for all scopes...
2026-01-01 08:34:27.667 [info] Got 1 sessions for ...
2026-01-01 08:34:27.667 [info] Getting sessions for all scopes...
2026-01-01 08:34:27.667 [info] Got 1 sessions for ...
2026-01-01 08:34:27.667 [info] Getting sessions for all scopes...
2026-01-01 08:34:27.667 [info] Got 1 sessions for ...
2026-01-01 08:34:27.667 [info] Getting sessions for all scopes...
2026-01-01 08:34:27.667 [info] Got 1 sessions for ...
2026-01-01 08:34:27.667 [info] Getting sessions for all scopes...
2026-01-01 08:34:27.667 [info] Got 1 sessions for ...
2026-01-01 08:34:27.667 [info] Getting sessions for all scopes...
2026-01-01 08:34:27.667 [info] Got 1 sessions for ...
2026-01-01 08:34:27.667 [info] Getting sessions for all scopes...
2026-01-01 08:34:27.667 [info] Got 1 sessions for ...
2026-01-01 08:34:27.667 [info] Getting sessions for all scopes...
2026-01-01 08:34:27.667 [info] Got 1 sessions for ...
2026-01-01 08:34:27.667 [info] Getting sessions for all scopes...
2026-01-01 08:34:27.667 [info] Got 1 sessions for ...
2026-01-01 08:34:27.667 [info] Getting sessions for all scopes...
2026-01-01 08:34:27.667 [info] Got 1 sessions for ...
2026-01-01 08:34:27.667 [info] Getting sessions for all scopes...
2026-01-01 08:34:27.667 [info] Got 1 sessions for ...
2026-01-01 08:34:27.667 [info] Getting sessions for all scopes...
2026-01-01 08:34:27.667 [info] Got 1 sessions for ...
2026-01-01 08:34:27.667 [info] Getting sessions for all scopes...
2026-01-01 08:34:27.667 [info] Got 1 sessions for ...
2026-01-01 08:34:27.667 [info] Getting sessions for all scopes...
2026-01-01 08:34:27.667 [info] Got 1 sessions for ...
2026-01-01 08:34:27.667 [info] Getting sessions for all scopes...
2026-01-01 08:34:27.667 [info] Got 1 sessions for ...
2026-01-01 08:34:27.667 [info] Getting sessions for all scopes...
2026-01-01 08:34:27.667 [info] Got 1 sessions for ...
2026-01-01 08:34:27.700 [info] Getting sessions for read:user,repo,user:email,workflow...
2026-01-01 08:34:27.700 [info] Got 1 sessions for read:user,repo,user:email,workflow...
2026-01-01 08:34:28.955 [info] FetcherService: Electron fetch failed with status: 429 
2026-01-01 08:34:29.229 [info] Getting sessions for all scopes...
2026-01-01 08:34:29.229 [info] Got 1 sessions for ...
2026-01-01 08:34:29.327 [info] Getting sessions for all scopes...
2026-01-01 08:34:29.328 [info] Got 1 sessions for ...
2026-01-01 08:34:29.330 [info] Getting sessions for all scopes...
2026-01-01 08:34:29.331 [info] Got 1 sessions for ...
2026-01-01 08:34:29.332 [info] Getting sessions for all scopes...
2026-01-01 08:34:29.332 [info] Got 1 sessions for ...
2026-01-01 08:34:29.633 [info] Getting sessions for read:user,repo,user:email...
2026-01-01 08:34:29.633 [info] Got 0 sessions for read:user,repo,user:email...
2026-01-01 08:34:29.653 [info] Getting sessions for read:user,repo,user:email,workflow...
2026-01-01 08:34:29.653 [info] Got 1 sessions for read:user,repo,user:email,workflow...
2026-01-01 08:34:30.792 [info] Getting sessions for all scopes...
2026-01-01 08:34:30.792 [info] Got 1 sessions for ...
2026-01-01 08:34:30.792 [info] Getting sessions for all scopes...
2026-01-01 08:34:30.792 [info] Got 1 sessions for ...
2026-01-01 08:34:30.847 [info] FetcherService: Node fetch failed with status: 429 Too Many Requests
2026-01-01 08:34:30.863 [info] Getting sessions for read:user,repo,user:email,workflow...
2026-01-01 08:34:30.864 [info] Got 1 sessions for read:user,repo,user:email,workflow...
2026-01-01 08:34:31.060 [info] Getting sessions for all scopes...
2026-01-01 08:34:31.060 [info] Got 1 sessions for ...
2026-01-01 08:34:31.074 [info] Getting sessions for all scopes...
2026-01-01 08:34:31.074 [info] Got 1 sessions for ...
2026-01-01 08:34:31.075 [info] Getting sessions for all scopes...
2026-01-01 08:34:31.075 [info] Got 1 sessions for ...
2026-01-01 08:34:31.076 [info] Getting sessions for all scopes...
2026-01-01 08:34:31.076 [info] Got 1 sessions for ...
2026-01-01 08:34:31.280 [info] Getting sessions for read:user,repo,user:email,workflow...
2026-01-01 08:34:31.281 [info] Got 1 sessions for read:user,repo,user:email,workflow...
2026-01-01 08:34:31.803 [info] FetcherService: Node http/s failed with status: 429 Too Many Requests
2026-01-01 08:49:14.694 [info] Getting sessions for all scopes...
2026-01-01 08:49:14.694 [info] Got 1 sessions for ...
2026-01-01 08:49:14.727 [info] Getting sessions for all scopes...
2026-01-01 08:49:14.727 [info] Got 1 sessions for ...
2026-01-01 08:57:16.862 [info] Getting sessions for all scopes...
2026-01-01 08:57:16.862 [info] Got 1 sessions for ...
2026-01-01 08:57:16.867 [info] Getting sessions for read:user,repo,user:email,workflow...
2026-01-01 08:57:16.867 [info] Got 1 sessions for read:user,repo,user:email,workflow...
2026-01-01 08:57:17.486 [info] Getting sessions for all scopes...
2026-01-01 08:57:17.486 [info] Got 1 sessions for ...
2026-01-01 08:57:17.528 [info] Getting sessions for all scopes...
2026-01-01 08:57:17.528 [info] Got 1 sessions for ...
2026-01-01 08:57:17.533 [info] Getting sessions for read:user,repo,user:email,workflow...
2026-01-01 08:57:17.534 [info] Got 1 sessions for read:user,repo,user:email,workflow...
2026-01-01 08:57:17.556 [info] Getting sessions for all scopes...
2026-01-01 08:57:17.556 [info] Got 1 sessions for ...
2026-01-01 08:57:17.560 [info] Getting sessions for read:user,repo,user:email,workflow...
2026-01-01 08:57:17.560 [info] Got 1 sessions for read:user,repo,user:email,workflow...
2026-01-01 09:19:00.837 [info] Getting sessions for all scopes...
2026-01-01 09:19:00.837 [info] Got 1 sessions for ...
2026-01-01 09:19:00.840 [info] Getting sessions for read:user,repo,user:email,workflow...
2026-01-01 09:19:00.841 [info] Got 1 sessions for read:user,repo,user:email,workflow...
2026-01-01 09:19:01.819 [info] Getting sessions for all scopes...
2026-01-01 09:19:01.819 [info] Got 1 sessions for ...
2026-01-01 09:19:01.820 [info] Getting sessions for all scopes...
2026-01-01 09:19:01.820 [info] Got 1 sessions for ...
2026-01-01 09:19:01.856 [info] Getting sessions for read:user,repo,user:email,workflow...
2026-01-01 09:19:01.856 [info] Got 1 sessions for read:user,repo,user:email,workflow...
2026-01-01 09:19:01.874 [info] Getting sessions for all scopes...
2026-01-01 09:19:01.874 [info] Got 1 sessions for ...
2026-01-01 09:19:01.876 [info] Getting sessions for read:user,repo,user:email,workflow...
2026-01-01 09:19:01.876 [info] Got 1 sessions for read:user,repo,user:email,workflow...
