2025-12-25 20:05:59.608 [info] Reading sessions from keychain...
2025-12-25 20:05:59.608 [info] Getting sessions for all scopes...
2025-12-25 20:05:59.608 [info] Got stored sessions!
2025-12-25 20:05:59.608 [info] Got 1 verified sessions.
2025-12-25 20:05:59.608 [info] Got 1 sessions for ...
2025-12-25 20:05:59.608 [info] Getting sessions for all scopes...
2025-12-25 20:05:59.608 [info] Got 1 sessions for ...
2025-12-25 20:05:59.608 [info] Getting sessions for all scopes...
2025-12-25 20:05:59.608 [info] Got 1 sessions for ...
2025-12-25 20:05:59.608 [info] Getting sessions for all scopes...
2025-12-25 20:05:59.608 [info] Got 1 sessions for ...
2025-12-25 20:05:59.608 [info] Getting sessions for all scopes...
2025-12-25 20:05:59.608 [info] Got 1 sessions for ...
2025-12-25 20:05:59.608 [info] Getting sessions for all scopes...
2025-12-25 20:05:59.608 [info] Got 1 sessions for ...
2025-12-25 20:05:59.608 [info] Getting sessions for all scopes...
2025-12-25 20:05:59.608 [info] Got 1 sessions for ...
2025-12-25 20:05:59.608 [info] Getting sessions for all scopes...
2025-12-25 20:05:59.608 [info] Got 1 sessions for ...
2025-12-25 20:05:59.608 [info] Getting sessions for all scopes...
2025-12-25 20:05:59.608 [info] Got 1 sessions for ...
2025-12-25 20:05:59.608 [info] Getting sessions for all scopes...
2025-12-25 20:05:59.608 [info] Got 1 sessions for ...
2025-12-25 20:05:59.608 [info] Getting sessions for all scopes...
2025-12-25 20:05:59.608 [info] Got 1 sessions for ...
2025-12-25 20:05:59.608 [info] Getting sessions for all scopes...
2025-12-25 20:05:59.608 [info] Got 1 sessions for ...
2025-12-25 20:05:59.608 [info] Getting sessions for all scopes...
2025-12-25 20:05:59.608 [info] Got 1 sessions for ...
2025-12-25 20:05:59.608 [info] Getting sessions for all scopes...
2025-12-25 20:05:59.608 [info] Got 1 sessions for ...
2025-12-25 20:05:59.608 [info] Getting sessions for all scopes...
2025-12-25 20:05:59.608 [info] Got 1 sessions for ...
2025-12-25 20:05:59.608 [info] Getting sessions for all scopes...
2025-12-25 20:05:59.608 [info] Got 1 sessions for ...
2025-12-25 20:05:59.608 [info] Getting sessions for all scopes...
2025-12-25 20:05:59.608 [info] Got 1 sessions for ...
2025-12-25 20:05:59.608 [info] Getting sessions for all scopes...
2025-12-25 20:05:59.608 [info] Got 1 sessions for ...
2025-12-25 20:05:59.773 [info] Getting sessions for read:user,repo,user:email,workflow...
2025-12-25 20:05:59.773 [info] Got 1 sessions for read:user,repo,user:email,workflow...
2025-12-25 20:06:00.887 [info] Getting sessions for all scopes...
2025-12-25 20:06:00.887 [info] Got 1 sessions for ...
2025-12-25 20:06:00.894 [info] FetcherService: Electron fetch failed with status: 429 
2025-12-25 20:06:01.548 [info] Getting sessions for all scopes...
2025-12-25 20:06:01.548 [info] Got 1 sessions for ...
2025-12-25 20:06:01.548 [info] Getting sessions for all scopes...
2025-12-25 20:06:01.548 [info] Got 1 sessions for ...
2025-12-25 20:06:01.549 [info] Getting sessions for all scopes...
2025-12-25 20:06:01.549 [info] Got 1 sessions for ...
2025-12-25 20:06:01.557 [info] Getting sessions for read:user,repo,user:email...
2025-12-25 20:06:01.558 [info] Got 0 sessions for read:user,repo,user:email...
2025-12-25 20:06:01.585 [info] Getting sessions for read:user,repo,user:email,workflow...
2025-12-25 20:06:01.585 [info] Got 1 sessions for read:user,repo,user:email,workflow...
2025-12-25 20:06:02.732 [info] FetcherService: Node fetch failed with status: 429 Too Many Requests
2025-12-25 20:06:02.842 [info] Getting sessions for all scopes...
2025-12-25 20:06:02.842 [info] Got 1 sessions for ...
2025-12-25 20:06:02.842 [info] Getting sessions for all scopes...
2025-12-25 20:06:02.842 [info] Got 1 sessions for ...
2025-12-25 20:06:02.872 [info] Getting sessions for read:user,repo,user:email,workflow...
2025-12-25 20:06:02.872 [info] Got 1 sessions for read:user,repo,user:email,workflow...
2025-12-25 20:06:03.178 [info] Getting sessions for all scopes...
2025-12-25 20:06:03.178 [info] Got 1 sessions for ...
2025-12-25 20:06:03.192 [info] Getting sessions for all scopes...
2025-12-25 20:06:03.192 [info] Got 1 sessions for ...
2025-12-25 20:06:03.192 [info] Getting sessions for all scopes...
2025-12-25 20:06:03.192 [info] Got 1 sessions for ...
2025-12-25 20:06:03.197 [info] Getting sessions for all scopes...
2025-12-25 20:06:03.197 [info] Got 1 sessions for ...
2025-12-25 20:06:03.429 [info] Getting sessions for read:user,repo,user:email,workflow...
2025-12-25 20:06:03.429 [info] Got 1 sessions for read:user,repo,user:email,workflow...
2025-12-25 20:06:03.891 [info] FetcherService: Node http/s failed with status: 429 Too Many Requests
2025-12-25 20:06:33.541 [info] Getting sessions for all scopes...
2025-12-25 20:06:33.541 [info] Got 1 sessions for ...
2025-12-25 20:06:33.554 [info] Getting sessions for all scopes...
2025-12-25 20:06:33.555 [info] Got 1 sessions for ...
2025-12-25 20:29:05.651 [info] Getting sessions for all scopes...
2025-12-25 20:29:05.651 [info] Got 1 sessions for ...
2025-12-25 20:29:05.653 [info] Getting sessions for read:user,repo,user:email,workflow...
2025-12-25 20:29:05.653 [info] Got 1 sessions for read:user,repo,user:email,workflow...
2025-12-25 20:29:06.285 [info] Getting sessions for all scopes...
2025-12-25 20:29:06.285 [info] Got 1 sessions for ...
2025-12-25 20:29:06.289 [info] Getting sessions for all scopes...
2025-12-25 20:29:06.290 [info] Got 1 sessions for ...
2025-12-25 20:29:06.331 [info] Getting sessions for read:user,repo,user:email,workflow...
2025-12-25 20:29:06.332 [info] Got 1 sessions for read:user,repo,user:email,workflow...
2025-12-25 20:29:06.360 [info] Getting sessions for all scopes...
2025-12-25 20:29:06.360 [info] Got 1 sessions for ...
2025-12-25 20:29:06.364 [info] Getting sessions for read:user,repo,user:email,workflow...
2025-12-25 20:29:06.364 [info] Got 1 sessions for read:user,repo,user:email,workflow...
2025-12-25 20:30:29.809 [info] Getting sessions for all scopes...
2025-12-25 20:30:29.809 [info] Got 1 sessions for ...
2025-12-25 20:30:29.924 [info] Getting sessions for read:user,repo,user:email,workflow...
2025-12-25 20:30:29.924 [info] Got 1 sessions for read:user,repo,user:email,workflow...
