2025-12-27 09:24:09.637 [info] Reading sessions from keychain...
2025-12-27 09:24:09.637 [info] Getting sessions for all scopes...
2025-12-27 09:24:09.637 [info] Got stored sessions!
2025-12-27 09:24:09.637 [info] Got 1 verified sessions.
2025-12-27 09:24:09.637 [info] Got 1 sessions for ...
2025-12-27 09:24:09.637 [info] Getting sessions for all scopes...
2025-12-27 09:24:09.638 [info] Got 1 sessions for ...
2025-12-27 09:24:09.638 [info] Getting sessions for all scopes...
2025-12-27 09:24:09.638 [info] Got 1 sessions for ...
2025-12-27 09:24:09.638 [info] Getting sessions for all scopes...
2025-12-27 09:24:09.638 [info] Got 1 sessions for ...
2025-12-27 09:24:09.638 [info] Getting sessions for all scopes...
2025-12-27 09:24:09.638 [info] Got 1 sessions for ...
2025-12-27 09:24:09.638 [info] Getting sessions for all scopes...
2025-12-27 09:24:09.638 [info] Got 1 sessions for ...
2025-12-27 09:24:09.638 [info] Getting sessions for all scopes...
2025-12-27 09:24:09.638 [info] Got 1 sessions for ...
2025-12-27 09:24:09.638 [info] Getting sessions for all scopes...
2025-12-27 09:24:09.638 [info] Got 1 sessions for ...
2025-12-27 09:24:09.638 [info] Getting sessions for all scopes...
2025-12-27 09:24:09.638 [info] Got 1 sessions for ...
2025-12-27 09:24:09.638 [info] Getting sessions for all scopes...
2025-12-27 09:24:09.638 [info] Got 1 sessions for ...
2025-12-27 09:24:09.638 [info] Getting sessions for all scopes...
2025-12-27 09:24:09.638 [info] Got 1 sessions for ...
2025-12-27 09:24:09.638 [info] Getting sessions for all scopes...
2025-12-27 09:24:09.638 [info] Got 1 sessions for ...
2025-12-27 09:24:09.638 [info] Getting sessions for all scopes...
2025-12-27 09:24:09.638 [info] Got 1 sessions for ...
2025-12-27 09:24:09.638 [info] Getting sessions for all scopes...
2025-12-27 09:24:09.638 [info] Got 1 sessions for ...
2025-12-27 09:24:09.638 [info] Getting sessions for all scopes...
2025-12-27 09:24:09.638 [info] Got 1 sessions for ...
2025-12-27 09:24:09.638 [info] Getting sessions for all scopes...
2025-12-27 09:24:09.638 [info] Got 1 sessions for ...
2025-12-27 09:24:09.638 [info] Getting sessions for all scopes...
2025-12-27 09:24:09.638 [info] Got 1 sessions for ...
2025-12-27 09:24:09.638 [info] Getting sessions for all scopes...
2025-12-27 09:24:09.638 [info] Got 1 sessions for ...
2025-12-27 09:24:09.638 [info] Getting sessions for all scopes...
2025-12-27 09:24:09.638 [info] Got 1 sessions for ...
2025-12-27 09:24:09.702 [info] Getting sessions for read:user,repo,user:email,workflow...
2025-12-27 09:24:09.704 [info] Got 1 sessions for read:user,repo,user:email,workflow...
2025-12-27 09:24:11.098 [info] FetcherService: Electron fetch failed with status: 429 
2025-12-27 09:24:12.696 [info] Getting sessions for read:user,repo,user:email...
2025-12-27 09:24:12.696 [info] Got 0 sessions for read:user,repo,user:email...
2025-12-27 09:24:12.744 [info] Getting sessions for all scopes...
2025-12-27 09:24:12.744 [info] Got 1 sessions for ...
2025-12-27 09:24:12.745 [info] Getting sessions for all scopes...
2025-12-27 09:24:12.745 [info] Got 1 sessions for ...
2025-12-27 09:24:12.746 [info] Getting sessions for all scopes...
2025-12-27 09:24:12.746 [info] Got 1 sessions for ...
2025-12-27 09:24:12.933 [info] Getting sessions for read:user,repo,user:email,workflow...
2025-12-27 09:24:12.933 [info] Got 1 sessions for read:user,repo,user:email,workflow...
2025-12-27 09:24:13.843 [info] FetcherService: Node fetch failed with status: 429 Too Many Requests
2025-12-27 09:24:15.250 [info] Getting sessions for all scopes...
2025-12-27 09:24:15.250 [info] Got 1 sessions for ...
2025-12-27 09:24:15.250 [info] Getting sessions for all scopes...
2025-12-27 09:24:15.250 [info] Got 1 sessions for ...
2025-12-27 09:24:15.344 [info] Getting sessions for read:user,repo,user:email,workflow...
2025-12-27 09:24:15.344 [info] Got 1 sessions for read:user,repo,user:email,workflow...
2025-12-27 09:24:15.754 [info] FetcherService: Node http/s failed with status: 429 Too Many Requests
2025-12-27 09:24:15.873 [info] Getting sessions for all scopes...
2025-12-27 09:24:15.873 [info] Got 1 sessions for ...
2025-12-27 09:24:15.928 [info] Getting sessions for all scopes...
2025-12-27 09:24:15.928 [info] Got 1 sessions for ...
2025-12-27 09:24:15.933 [info] Getting sessions for all scopes...
2025-12-27 09:24:15.933 [info] Got 1 sessions for ...
2025-12-27 09:24:15.941 [info] Getting sessions for all scopes...
2025-12-27 09:24:15.941 [info] Got 1 sessions for ...
2025-12-27 09:24:16.389 [info] Getting sessions for read:user,repo,user:email,workflow...
2025-12-27 09:24:16.389 [info] Got 1 sessions for read:user,repo,user:email,workflow...
2025-12-27 09:24:49.068 [info] Getting sessions for all scopes...
2025-12-27 09:24:49.068 [info] Got 1 sessions for ...
2025-12-27 09:24:49.070 [info] Getting sessions for all scopes...
2025-12-27 09:24:49.071 [info] Got 1 sessions for ...
