2026-01-01 18:47:41.886 [info] Reading sessions from keychain...
2026-01-01 18:47:41.886 [info] Getting sessions for all scopes...
2026-01-01 18:47:41.887 [info] Got stored sessions!
2026-01-01 18:47:41.887 [info] Got 1 verified sessions.
2026-01-01 18:47:41.887 [info] Got 1 sessions for ...
2026-01-01 18:47:41.887 [info] Getting sessions for all scopes...
2026-01-01 18:47:41.887 [info] Got 1 sessions for ...
2026-01-01 18:47:41.887 [info] Getting sessions for all scopes...
2026-01-01 18:47:41.887 [info] Got 1 sessions for ...
2026-01-01 18:47:41.887 [info] Getting sessions for all scopes...
2026-01-01 18:47:41.887 [info] Got 1 sessions for ...
2026-01-01 18:47:41.887 [info] Getting sessions for all scopes...
2026-01-01 18:47:41.887 [info] Got 1 sessions for ...
2026-01-01 18:47:41.887 [info] Getting sessions for all scopes...
2026-01-01 18:47:41.887 [info] Got 1 sessions for ...
2026-01-01 18:47:41.887 [info] Getting sessions for all scopes...
2026-01-01 18:47:41.887 [info] Got 1 sessions for ...
2026-01-01 18:47:41.887 [info] Getting sessions for all scopes...
2026-01-01 18:47:41.887 [info] Got 1 sessions for ...
2026-01-01 18:47:41.887 [info] Getting sessions for all scopes...
2026-01-01 18:47:41.887 [info] Got 1 sessions for ...
2026-01-01 18:47:41.887 [info] Getting sessions for all scopes...
2026-01-01 18:47:41.887 [info] Got 1 sessions for ...
2026-01-01 18:47:41.887 [info] Getting sessions for all scopes...
2026-01-01 18:47:41.887 [info] Got 1 sessions for ...
2026-01-01 18:47:41.887 [info] Getting sessions for all scopes...
2026-01-01 18:47:41.887 [info] Got 1 sessions for ...
2026-01-01 18:47:41.887 [info] Getting sessions for all scopes...
2026-01-01 18:47:41.887 [info] Got 1 sessions for ...
2026-01-01 18:47:41.887 [info] Getting sessions for all scopes...
2026-01-01 18:47:41.887 [info] Got 1 sessions for ...
2026-01-01 18:47:41.887 [info] Getting sessions for all scopes...
2026-01-01 18:47:41.887 [info] Got 1 sessions for ...
2026-01-01 18:47:41.887 [info] Getting sessions for all scopes...
2026-01-01 18:47:41.887 [info] Got 1 sessions for ...
2026-01-01 18:47:41.887 [info] Getting sessions for all scopes...
2026-01-01 18:47:41.887 [info] Got 1 sessions for ...
2026-01-01 18:47:41.887 [info] Getting sessions for read:user,repo,user:email,workflow...
2026-01-01 18:47:41.887 [info] Got 1 sessions for read:user,repo,user:email,workflow...
2026-01-01 18:47:42.486 [info] FetcherService: Electron fetch failed with status: 429 
2026-01-01 18:47:43.759 [info] Getting sessions for all scopes...
2026-01-01 18:47:43.759 [info] Got 1 sessions for ...
2026-01-01 18:47:43.760 [info] Getting sessions for all scopes...
2026-01-01 18:47:43.760 [info] Got 1 sessions for ...
2026-01-01 18:47:43.765 [info] Getting sessions for all scopes...
2026-01-01 18:47:43.765 [info] Got 1 sessions for ...
2026-01-01 18:47:44.569 [info] Getting sessions for read:user,repo,user:email...
2026-01-01 18:47:44.569 [info] Got 0 sessions for read:user,repo,user:email...
2026-01-01 18:47:44.574 [info] Getting sessions for read:user,repo,user:email,workflow...
2026-01-01 18:47:44.574 [info] Got 1 sessions for read:user,repo,user:email,workflow...
2026-01-01 18:47:46.303 [info] FetcherService: Node fetch failed with status: 429 Too Many Requests
2026-01-01 18:47:46.369 [info] Getting sessions for all scopes...
2026-01-01 18:47:46.370 [info] Got 1 sessions for ...
2026-01-01 18:47:46.440 [info] Getting sessions for all scopes...
2026-01-01 18:47:46.440 [info] Got 1 sessions for ...
2026-01-01 18:47:46.440 [info] Getting sessions for all scopes...
2026-01-01 18:47:46.440 [info] Got 1 sessions for ...
2026-01-01 18:47:46.490 [info] Getting sessions for all scopes...
2026-01-01 18:47:46.491 [info] Got 1 sessions for ...
2026-01-01 18:47:46.519 [info] Getting sessions for read:user,repo,user:email,workflow...
2026-01-01 18:47:46.519 [info] Got 1 sessions for read:user,repo,user:email,workflow...
2026-01-01 18:47:46.813 [info] Getting sessions for all scopes...
2026-01-01 18:47:46.813 [info] Got 1 sessions for ...
2026-01-01 18:47:46.838 [info] Getting sessions for all scopes...
2026-01-01 18:47:46.838 [info] Got 1 sessions for ...
2026-01-01 18:47:46.839 [info] Getting sessions for all scopes...
2026-01-01 18:47:46.839 [info] Got 1 sessions for ...
2026-01-01 18:47:46.842 [info] Getting sessions for all scopes...
2026-01-01 18:47:46.842 [info] Got 1 sessions for ...
2026-01-01 18:47:47.082 [info] Getting sessions for read:user,repo,user:email,workflow...
2026-01-01 18:47:47.082 [info] Got 1 sessions for read:user,repo,user:email,workflow...
2026-01-01 18:47:47.170 [info] Getting sessions for all scopes...
2026-01-01 18:47:47.170 [info] Got 1 sessions for ...
2026-01-01 18:47:47.190 [info] Getting sessions for read:user,repo,user:email,workflow...
2026-01-01 18:47:47.190 [info] Got 1 sessions for read:user,repo,user:email,workflow...
2026-01-01 18:47:58.484 [info] FetcherService: Node http/s failed with status: 429 Too Many Requests
2026-01-01 18:48:08.904 [info] Getting sessions for all scopes...
2026-01-01 18:48:08.904 [info] Got 1 sessions for ...
2026-01-01 18:48:08.915 [info] Getting sessions for all scopes...
2026-01-01 18:48:08.915 [info] Got 1 sessions for ...
